<?xml version="1.0" encoding="UTF-8"?>
<testsuite name="com.study.bookluck.BookluckApplicationTests" tests="1" skipped="0" failures="0" errors="0" timestamp="2025-10-29T13:25:17" hostname="Geunwons-Mac.local" time="0.675">
  <properties/>
  <testcase name="contextLoads()" classname="com.study.bookluck.BookluckApplicationTests" time="0.675"/>
  <system-out><![CDATA[22:25:15.345 [Test worker] INFO org.springframework.test.context.support.AnnotationConfigContextLoaderUtils -- Could not detect default configuration classes for test class [com.study.bookluck.BookluckApplicationTests]: BookluckApplicationTests does not declare any static, non-private, non-final, nested classes annotated with @Configuration.
22:25:15.429 [Test worker] INFO org.springframework.boot.test.context.SpringBootTestContextBootstrapper -- Found @SpringBootConfiguration com.study.bookluck.BookluckApplication for test class com.study.bookluck.BookluckApplicationTests

  .   ____          _            __ _ _
 /\\ / ___'_ __ _ _(_)_ __  __ _ \ \ \ \
( ( )\___ | '_ | '_| | '_ \/ _` | \ \ \ \
 \\/  ___)| |_)| | | | | || (_| |  ) ) ) )
  '  |____| .__|_| |_|_| |_\__, | / / / /
 =========|_|==============|___/=/_/_/_/

 :: Spring Boot ::                (v3.3.7)

2025-10-29T22:25:15.744+09:00  INFO 2238 --- [bookluck] [    Test worker] c.s.bookluck.BookluckApplicationTests    : Starting BookluckApplicationTests using Java 17.0.9 with PID 2238 (started by kgw in /Users/kgw/Files/java/bookluck-dev2/bookluck)
2025-10-29T22:25:15.745+09:00  INFO 2238 --- [bookluck] [    Test worker] c.s.bookluck.BookluckApplicationTests    : No active profile set, falling back to 1 default profile: "default"
2025-10-29T22:25:17.005+09:00  INFO 2238 --- [bookluck] [    Test worker] c.s.bookluck.BookluckApplicationTests    : Started BookluckApplicationTests in 1.438 seconds (process running for 2.368)
]]></system-out>
  <system-err><![CDATA[]]></system-err>
</testsuite>
