<?xml version="1.0" encoding="UTF-8"?>
<testsuite name="com.study.bookluck.BookluckApplicationTests" tests="1" skipped="0" failures="0" errors="0" timestamp="2025-02-11T08:35:33" hostname="MacBook-Pro-3.local" time="0.474">
  <properties/>
  <testcase name="contextLoads()" classname="com.study.bookluck.BookluckApplicationTests" time="0.474"/>
  <system-out><![CDATA[17:35:32.276 [Test worker] INFO org.springframework.test.context.support.AnnotationConfigContextLoaderUtils -- Could not detect default configuration classes for test class [com.study.bookluck.BookluckApplicationTests]: BookluckApplicationTests does not declare any static, non-private, non-final, nested classes annotated with @Configuration.
17:35:32.322 [Test worker] INFO org.springframework.boot.test.context.SpringBootTestContextBootstrapper -- Found @SpringBootConfiguration com.study.bookluck.BookluckApplication for test class com.study.bookluck.BookluckApplicationTests

  .   ____          _            __ _ _
 /\\ / ___'_ __ _ _(_)_ __  __ _ \ \ \ \
( ( )\___ | '_ | '_| | '_ \/ _` | \ \ \ \
 \\/  ___)| |_)| | | | | || (_| |  ) ) ) )
  '  |____| .__|_| |_|_| |_\__, | / / / /
 =========|_|==============|___/=/_/_/_/

 :: Spring Boot ::                (v3.3.7)

2025-02-11T17:35:32.505+09:00  INFO 7985 --- [bookluck] [    Test worker] c.s.bookluck.BookluckApplicationTests    : Starting BookluckApplicationTests using Java 17.0.6 with PID 7985 (started by admin in /Users/admin/Documents/java/bookluck)
2025-02-11T17:35:32.506+09:00  INFO 7985 --- [bookluck] [    Test worker] c.s.bookluck.BookluckApplicationTests    : No active profile set, falling back to 1 default profile: "default"
2025-02-11T17:35:33.307+09:00  INFO 7985 --- [bookluck] [    Test worker] c.s.bookluck.BookluckApplicationTests    : Started BookluckApplicationTests in 0.903 seconds (process running for 1.503)
]]></system-out>
  <system-err><![CDATA[]]></system-err>
</testsuite>
